<?xml version="1.0" encoding="UTF-8"?>
<!-- Generated by org.testng.reporters.JUnitXMLReporter -->
<testsuite ignored="0" hostname="VIJAY" failures="1" tests="1" name="EdgeTestResult" time="12.433" errors="0" timestamp="2021-11-07T00:13:06 IST">
  <testcase classname="testNG.crossbrowsing" name="tc_002_Fbloginapplication" time="4.89">
    <failure type="org.openqa.selenium.StaleElementReferenceException" message="stale element reference: element is not attached to the page document
  (Session info: MicrosoftEdge=95.0.1020.40)
For documentation on this error, please visit: https://selenium.dev/exceptions/#stale_element_reference
Build info: version: &amp;apos;4.0.0&amp;apos;, revision: &amp;apos;3a21814679&amp;apos;
System info: host: &amp;apos;VIJAY&amp;apos;, ip: &amp;apos;192.168.192.212&amp;apos;, os.name: &amp;apos;Windows 10&amp;apos;, os.arch: &amp;apos;amd64&amp;apos;, os.version: &amp;apos;10.0&amp;apos;, java.version: &amp;apos;16.0.2&amp;apos;
Driver info: org.openqa.selenium.edge.EdgeDriver
Command: [50d93a2d8bbe5f927432be07f117329a, isElementDisplayed {id=31804b23-eddf-45ec-bc32-566ba9ee1129}]
Capabilities {acceptInsecureCerts: false, browserName: msedge, browserVersion: 95.0.1020.40, javascriptEnabled: true, ms:edgeOptions: {debuggerAddress: localhost:60272}, msedge: {msedgedriverVersion: 95.0.1020.40 (1f61f1c45c1e4..., userDataDir: C:\Users\Vijay\AppData\Loca...}, networkConnectionEnabled: false, pageLoadStrategy: normal, platform: WINDOWS, platformName: WINDOWS, proxy: Proxy(), se:cdp: ws://localhost:60272/devtoo..., se:cdpVersion: 95.0.1020.40, setWindowRect: true, strictFileInteractability: false, timeouts: {implicit: 0, pageLoad: 300000, script: 30000}, unhandledPromptBehavior: dismiss and notify, webauthn:extension:credBlob: true, webauthn:extension:largeBlob: true, webauthn:virtualAuthenticators: true}
Element: [[EdgeDriver: msedge on WINDOWS (50d93a2d8bbe5f927432be07f117329a)] -&amp;gt; name: login]
Session ID: 50d93a2d8bbe5f927432be07f117329a">
      <![CDATA[org.openqa.selenium.StaleElementReferenceException: stale element reference: element is not attached to the page document
  (Session info: MicrosoftEdge=95.0.1020.40)
For documentation on this error, please visit: https://selenium.dev/exceptions/#stale_element_reference
Build info: version: '4.0.0', revision: '3a21814679'
System info: host: 'VIJAY', ip: '192.168.192.212', os.name: 'Windows 10', os.arch: 'amd64', os.version: '10.0', java.version: '16.0.2'
Driver info: org.openqa.selenium.edge.EdgeDriver
Command: [50d93a2d8bbe5f927432be07f117329a, isElementDisplayed {id=31804b23-eddf-45ec-bc32-566ba9ee1129}]
Capabilities {acceptInsecureCerts: false, browserName: msedge, browserVersion: 95.0.1020.40, javascriptEnabled: true, ms:edgeOptions: {debuggerAddress: localhost:60272}, msedge: {msedgedriverVersion: 95.0.1020.40 (1f61f1c45c1e4..., userDataDir: C:\Users\Vijay\AppData\Loca...}, networkConnectionEnabled: false, pageLoadStrategy: normal, platform: WINDOWS, platformName: WINDOWS, proxy: Proxy(), se:cdp: ws://localhost:60272/devtoo..., se:cdpVersion: 95.0.1020.40, setWindowRect: true, strictFileInteractability: false, timeouts: {implicit: 0, pageLoad: 300000, script: 30000}, unhandledPromptBehavior: dismiss and notify, webauthn:extension:credBlob: true, webauthn:extension:largeBlob: true, webauthn:virtualAuthenticators: true}
Element: [[EdgeDriver: msedge on WINDOWS (50d93a2d8bbe5f927432be07f117329a)] -> name: login]
Session ID: 50d93a2d8bbe5f927432be07f117329a
at org.openqa.selenium.remote.codec.w3c.W3CHttpResponseCodec.createException(W3CHttpResponseCodec.java:200)
at org.openqa.selenium.remote.codec.w3c.W3CHttpResponseCodec.decode(W3CHttpResponseCodec.java:133)
at org.openqa.selenium.remote.codec.w3c.W3CHttpResponseCodec.decode(W3CHttpResponseCodec.java:53)
at org.openqa.selenium.remote.HttpCommandExecutor.execute(HttpCommandExecutor.java:184)
at org.openqa.selenium.remote.service.DriverCommandExecutor.invokeExecute(DriverCommandExecutor.java:164)
at org.openqa.selenium.remote.service.DriverCommandExecutor.execute(DriverCommandExecutor.java:139)
at org.openqa.selenium.remote.RemoteWebDriver.execute(RemoteWebDriver.java:559)
at org.openqa.selenium.remote.RemoteWebElement.execute(RemoteWebElement.java:251)
at org.openqa.selenium.remote.RemoteWebElement.isDisplayed(RemoteWebElement.java:307)
at testNG.crossbrowsing.tc_002_Fbloginapplication(crossbrowsing.java:60)
at java.base/java.util.ArrayList.forEach(ArrayList.java:1511)
... Removed 32 stack frames]]>
    </failure>
  </testcase> <!-- tc_002_Fbloginapplication -->
</testsuite> <!-- EdgeTestResult -->
