<?xml version="1.0" encoding="UTF-8"?>
<testng-results ignored="0" total="1" passed="1" failed="0" skipped="0">
  <reporter-output>
  </reporter-output>
  <suite started-at="2021-11-10T17:21:04 IST" name="Default suite" finished-at="2021-11-10T17:21:18 IST" duration-ms="13708">
    <groups>
    </groups>
    <test started-at="2021-11-10T17:21:04 IST" name="Default test" finished-at="2021-11-10T17:21:18 IST" duration-ms="13708">
      <class name="testNG.Fblogin2">
        <test-method is-config="true" signature="beforeClass()[pri:0, instance:testNG.Fblogin2@483f6d77]" started-at="2021-11-10T17:21:04 IST" name="beforeClass" finished-at="2021-11-10T17:21:11 IST" duration-ms="6927" status="PASS">
          <reporter-output>
          </reporter-output>
        </test-method> <!-- beforeClass -->
        <test-method signature="LoginFBappplication()[pri:0, instance:testNG.Fblogin2@483f6d77]" started-at="2021-11-10T17:21:11 IST" name="LoginFBappplication" finished-at="2021-11-10T17:21:18 IST" duration-ms="6485" status="PASS">
          <reporter-output>
          </reporter-output>
        </test-method> <!-- LoginFBappplication -->
        <test-method is-config="true" signature="afterClass()[pri:0, instance:testNG.Fblogin2@483f6d77]" started-at="2021-11-10T17:21:18 IST" name="afterClass" finished-at="2021-11-10T17:21:18 IST" duration-ms="257" status="PASS">
          <reporter-output>
          </reporter-output>
        </test-method> <!-- afterClass -->
      </class> <!-- testNG.Fblogin2 -->
    </test> <!-- Default test -->
  </suite> <!-- Default suite -->
</testng-results>
